\BOOKMARK [1][-]{section*.3}{\376\377\000R\000e\000s\000u\000m\000e\000n}{}% 1
\BOOKMARK [1][-]{section.1}{\376\377\000I\000n\000t\000r\000o\000d\000u\000c\000c\000i\000\363\000n}{}% 2
\BOOKMARK [2][-]{subsection.1.1}{\376\377\000P\000r\000o\000p\000u\000e\000s\000t\000a\000\040\000p\000a\000r\000a\000\040\000e\000l\000\040\000p\000r\000o\000c\000e\000s\000o}{section.1}% 3
\BOOKMARK [2][-]{subsection.1.2}{\376\377\000P\000r\000o\000p\000u\000e\000s\000t\000a\000\040\000p\000a\000r\000a\000\040\000l\000a\000\040\000i\000n\000t\000e\000r\000a\000c\000c\000i\000\363\000n\000\040\000d\000e\000l\000\040\000o\000p\000e\000r\000a\000r\000i\000o}{section.1}% 4
\BOOKMARK [1][-]{section.2}{\376\377\000M\000e\000t\000o\000d\000o\000l\000g\000\355\000a}{}% 5
\BOOKMARK [1][-]{section.3}{\376\377\000E\000s\000t\000r\000u\000c\000t\000u\000r\000a\000\040\000T\000I\000A\000\040\000P\000o\000r\000t\000a\000l}{}% 6
\BOOKMARK [2][-]{subsection.3.1}{\376\377\000L\000\355\000n\000e\000a\000\040\0001}{section.3}% 7
\BOOKMARK [2][-]{subsection.3.2}{\376\377\000L\000\355\000n\000e\000a\000\040\0002}{section.3}% 8
\BOOKMARK [2][-]{subsection.3.3}{\376\377\000L\000\355\000n\000e\000a\000\040\0003}{section.3}% 9
\BOOKMARK [2][-]{subsection.3.4}{\376\377\000L\000\355\000n\000e\000a\000\040\0004}{section.3}% 10
\BOOKMARK [2][-]{subsection.3.5}{\376\377\000L\000\355\000n\000e\000a\000\040\0005}{section.3}% 11
\BOOKMARK [2][-]{subsection.3.6}{\376\377\000L\000\355\000n\000e\000a\000\040\0006}{section.3}% 12
\BOOKMARK [2][-]{subsection.3.7}{\376\377\000L\000\355\000n\000e\000a\000\040\0007}{section.3}% 13
\BOOKMARK [1][-]{section.4}{\376\377\000G\000r\000a\000f\000c\000e\000t\000s}{}% 14
\BOOKMARK [2][-]{subsection.4.1}{\376\377\000G\000r\000a\000f\000c\000e\000t\000\040\000P\000r\000i\000n\000c\000i\000p\000a\000l}{section.4}% 15
\BOOKMARK [2][-]{subsection.4.2}{\376\377\000G\000r\000a\000f\000c\000e\000t\000\040\000P\000a\000r\000o}{section.4}% 16
\BOOKMARK [2][-]{subsection.4.3}{\376\377\000G\000r\000a\000f\000c\000e\000t\000\040\000M\000\341\000q\000u\000i\000n\000a\000\040\0001}{section.4}% 17
\BOOKMARK [2][-]{subsection.4.4}{\376\377\000G\000r\000a\000f\000c\000e\000t\000\040\000M\000\341\000q\000u\000i\000n\000a\000\040\0002}{section.4}% 18
\BOOKMARK [2][-]{subsection.4.5}{\376\377\000G\000r\000a\000f\000c\000e\000t\000\040\000M\000\341\000q\000u\000i\000n\000a\000\040\0003}{section.4}% 19
\BOOKMARK [2][-]{subsection.4.6}{\376\377\000G\000r\000a\000f\000c\000e\000t\000\040\000M\000\341\000q\000u\000i\000n\000a\000\040\0004}{section.4}% 20
\BOOKMARK [2][-]{subsection.4.7}{\376\377\000G\000r\000a\000f\000c\000e\000t\000\040\000M\000\341\000q\000u\000i\000n\000a\000\040\0005\000\040\000s\000o\000p\000o\000r\000t\000e}{section.4}% 21
\BOOKMARK [2][-]{subsection.4.8}{\376\377\000G\000r\000a\000f\000c\000e\000t\000\040\000m\000\341\000q\000u\000i\000n\000a\000\040\0005\000\040\000v\000a\000c\000u\000n\000a\000\040\000y\000\040\0006\000\040\000s\000o\000p\000o\000r\000t\000e\000\040}{section.4}% 22
\BOOKMARK [2][-]{subsection.4.9}{\376\377\000G\000r\000a\000f\000c\000e\000t\000\040\000M\000\341\000q\000u\000i\000n\000a\000\040\0005\000\040\000e\000m\000b\000a\000l\000a\000j\000e}{section.4}% 23
\BOOKMARK [2][-]{subsection.4.10}{\376\377\000G\000r\000a\000f\000c\000e\000t\000\040\000M\000\341\000q\000u\000i\000n\000a\000\040\0006\000\040\000e\000m\000b\000a\000l\000a\000j\000e}{section.4}% 24
\BOOKMARK [2][-]{subsection.4.11}{\376\377\000G\000r\000a\000f\000c\000e\000t\000\040\000M\000\341\000q\000u\000i\000n\000a\000\040\0007\000\040\000e\000m\000b\000a\000l\000a\000j\000e}{section.4}% 25
\BOOKMARK [2][-]{subsection.4.12}{\376\377\000G\000r\000a\000f\000c\000e\000t\000\040\000d\000e\000\040\000M\000a\000n\000t\000e\000n\000i\000m\000i\000e\000n\000t\000o}{section.4}% 26
\BOOKMARK [2][-]{subsection.4.13}{\376\377\000G\000r\000a\000f\000c\000e\000t\000\040\000P\000r\000i\000n\000c\000i\000p\000a\000l\000\040\000d\000e\000\040\000V\000a\000c\000i\000a\000d\000o}{section.4}% 27
\BOOKMARK [2][-]{subsection.4.14}{\376\377\000G\000r\000a\000f\000c\000e\000t\000\040\000v\000a\000c\000i\000a\000d\000o\000\040\000t\000i\000p\000o\000\040\0001}{section.4}% 28
\BOOKMARK [3][-]{subsubsection.4.14.1}{\376\377\000G\000r\000a\000f\000c\000e\000t\000\040\000V\000a\000c\000i\000a\000d\000o\000\040\0001}{subsection.4.14}% 29
\BOOKMARK [2][-]{subsection.4.15}{\376\377\000G\000r\000a\000f\000c\000e\000t\000\040\000v\000a\000c\000i\000a\000d\000o\000\040\000t\000i\000p\000o\000\040\0002}{section.4}% 30
\BOOKMARK [3][-]{subsubsection.4.15.1}{\376\377\000G\000r\000a\000f\000c\000e\000t\000\040\000V\000a\000c\000i\000a\000d\000o\000\040\0002}{subsection.4.15}% 31
\BOOKMARK [2][-]{subsection.4.16}{\376\377\000G\000e\000s\000t\000i\000\363\000n\000\040\000d\000e\000\040\000l\000a\000s\000\040\000a\000l\000a\000r\000m\000a\000s}{section.4}% 32
\BOOKMARK [2][-]{subsection.4.17}{\376\377\000G\000e\000s\000t\000i\000\363\000n\000\040\000d\000e\000\040\000l\000a\000\040\000s\000e\000t\000a\000\040\000d\000e\000\040\000e\000m\000e\000r\000g\000e\000n\000c\000i\000a}{section.4}% 33
\BOOKMARK [1][-]{section.5}{\376\377\000H\000M\000I}{}% 34
\BOOKMARK [2][-]{subsection.5.1}{\376\377\000M\000o\000d\000e\000l\000o\000\040\000u\000t\000i\000l\000i\000z\000a\000d\000o\000\040\000y\000\040\000c\000o\000n\000e\000x\000i\000\363\000n\000\040\000c\000o\000n\000\040\000e\000l\000\040\000P\000L\000C}{section.5}% 35
\BOOKMARK [2][-]{subsection.5.2}{\376\377\000P\000a\000n\000t\000a\000l\000l\000a\000\040\000p\000r\000i\000n\000c\000i\000p\000a\000l}{section.5}% 36
\BOOKMARK [2][-]{subsection.5.3}{\376\377\000P\000a\000n\000t\000a\000l\000l\000a\000\040\000m\000\341\000q\000u\000i\000n\000a\000s}{section.5}% 37
\BOOKMARK [2][-]{subsection.5.4}{\376\377\000P\000a\000n\000t\000a\000l\000l\000a\000\040\000c\000o\000n\000f\000i\000g\000u\000r\000a\000c\000i\000\363\000n}{section.5}% 38
\BOOKMARK [2][-]{subsection.5.5}{\376\377\000U\000s\000u\000a\000r\000i\000o\000s}{section.5}% 39
\BOOKMARK [2][-]{subsection.5.6}{\376\377\000R\000e\000g\000i\000s\000t\000r\000o\000\040\000d\000e\000\040\000a\000l\000a\000r\000m\000a\000s}{section.5}% 40
\BOOKMARK [1][-]{section.6}{\376\377\000R\000e\000s\000u\000l\000t\000a\000d\000o\000s}{}% 41
\BOOKMARK [1][-]{section.7}{\376\377\000C\000o\000n\000c\000l\000u\000s\000i\000o\000n\000e\000s\000\040\000y\000\040\000T\000r\000a\000b\000a\000j\000o\000\040\000a\000\040\000f\000u\000t\000u\000r\000o}{}% 42
\BOOKMARK [2][-]{subsection.7.1}{\376\377\000C\000o\000n\000c\000l\000u\000s\000i\000o\000n\000e\000s}{section.7}% 43
\BOOKMARK [2][-]{subsection.7.2}{\376\377\000T\000r\000a\000b\000a\000j\000o\000\040\000a\000\040\000f\000u\000t\000u\000r\000o}{section.7}% 44
\BOOKMARK [1][-]{section.8}{\376\377\000A\000n\000e\000x\000o\000s}{}% 45
\BOOKMARK [2][-]{subsection.8.1}{\376\377\000A\000n\000e\000x\000o\000\040\0001\000:\000\040\000G\000r\000a\000f\000c\000e\000t\000\137\0000\000\137\000P\000r\000i\000n\000c\000i\000p\000a\000l\000.\000s\000c\000l}{section.8}% 46
\BOOKMARK [2][-]{subsection.8.2}{\376\377\000A\000n\000e\000x\000o\000\040\0002\000:\000\040\000G\000r\000a\000f\000c\000e\000t\000\137\0001\0000\000.\000s\000c\000l}{section.8}% 47
\BOOKMARK [2][-]{subsection.8.3}{\376\377\000A\000n\000e\000x\000o\000\040\0003\000:\000\040\000G\000r\000a\000f\000c\000e\000t\000\137\0001\0000\000\137\0001\000.\000s\000c\000l}{section.8}% 48
\BOOKMARK [2][-]{subsection.8.4}{\376\377\000A\000n\000e\000x\000o\000\040\0004\000:\000\040\000G\000r\000a\000f\000c\000e\000t\000\137\0002\0000\000.\000s\000c\000l}{section.8}% 49
\BOOKMARK [2][-]{subsection.8.5}{\376\377\000A\000n\000e\000x\000o\000\040\0005\000:\000\040\000G\000r\000a\000f\000c\000e\000t\000\137\0002\0000\000\137\0001\000.\000s\000c\000l}{section.8}% 50
\BOOKMARK [2][-]{subsection.8.6}{\376\377\000A\000n\000e\000x\000o\000\040\0006\000:\000\040\000G\000r\000a\000f\000c\000e\000t\000\137\0003\0000\000.\000s\000c\000l}{section.8}% 51
\BOOKMARK [2][-]{subsection.8.7}{\376\377\000A\000n\000e\000x\000o\000\040\0007\000:\000\040\000G\000r\000a\000f\000c\000e\000t\000\137\0004\0000\000.\000s\000c\000l}{section.8}% 52
\BOOKMARK [2][-]{subsection.8.8}{\376\377\000A\000n\000e\000x\000o\000\040\0008\000:\000\040\000G\000r\000a\000f\000c\000e\000t\000\137\0005\0000\000.\000s\000c\000l}{section.8}% 53
\BOOKMARK [2][-]{subsection.8.9}{\376\377\000A\000n\000e\000x\000o\000\040\0009\000:\000\040\000G\000r\000a\000f\000c\000e\000t\000\137\0007\0000\000.\000s\000c\000l}{section.8}% 54
\BOOKMARK [2][-]{subsection.8.10}{\376\377\000A\000n\000e\000x\000o\000\040\0001\0000\000:\000\040\000G\000r\000a\000f\000c\000e\000t\000\137\0008\0000\000.\000s\000c\000l}{section.8}% 55
\BOOKMARK [2][-]{subsection.8.11}{\376\377\000A\000n\000e\000x\000o\000\040\0001\0001\000:\000\040\000G\000r\000a\000f\000c\000e\000t\000\137\0009\0000\000.\000s\000c\000l}{section.8}% 56
\BOOKMARK [2][-]{subsection.8.12}{\376\377\000A\000n\000e\000x\000o\000\040\0001\0002\000:\000\040\000G\000r\000a\000f\000c\000e\000t\000\137\0001\0000\0000\000.\000s\000c\000l}{section.8}% 57
\BOOKMARK [2][-]{subsection.8.13}{\376\377\000A\000n\000e\000x\000o\000\040\0001\0003\000:\000\040\000G\000r\000a\000f\000c\000e\000t\000\137\0001\0001\0000\000.\000s\000c\000l}{section.8}% 58
\BOOKMARK [2][-]{subsection.8.14}{\376\377\000A\000n\000e\000x\000o\000\040\0001\0004\000:\000\040\000G\000r\000a\000f\000c\000e\000t\000\137\0001\0002\0000\000.\000s\000c\000l}{section.8}% 59
\BOOKMARK [2][-]{subsection.8.15}{\376\377\000A\000n\000e\000x\000o\000\040\0001\0005\000:\000\040\000G\000r\000a\000f\000c\000e\000t\000\137\0001\0002\0005\000.\000s\000c\000l}{section.8}% 60
\BOOKMARK [2][-]{subsection.8.16}{\376\377\000A\000n\000e\000x\000o\000\040\0001\0006\000:\000\040\000G\000r\000a\000f\000c\000e\000t\000\137\0001\0003\0000\000.\000s\000c\000l}{section.8}% 61
\BOOKMARK [2][-]{subsection.8.17}{\376\377\000A\000n\000e\000x\000o\000\040\0001\0007\000:\000\040\000G\000r\000a\000f\000c\000e\000t\000\137\0001\0004\0005\000.\000s\000c\000l}{section.8}% 62
